%cd "/\\bssd-stu-fs02\Canopy\App\appdata"
%cd "C:\Users\G.Harrison\Documents\Python\1.3.4"
# Wed, 02 Nov 2016 12:43:36
%run "c:\users\g69fe~1.har\appdata\local\temp\tmpybb4jc.py"# Wed, 02 Nov 2016 12:43:56
%run "c:\users\g69fe~1.har\appdata\local\temp\tmpezrhhe.py"# Wed, 02 Nov 2016 12:45:54
%run "c:\users\g69fe~1.har\appdata\local\temp\tmphxc2l2.py"# Wed, 02 Nov 2016 12:46:39
food_id('apple')
# Wed, 02 Nov 2016 12:47:10
%run "c:\users\g69fe~1.har\appdata\local\temp\tmpoaw11e.py"# Wed, 02 Nov 2016 12:47:12
food_id('apple')
#[Out]# 'NOT citrus, fruit'
# Wed, 02 Nov 2016 12:51:37
# b1 food_id('orange')

# Wed, 02 Nov 2016 12:52:49
# b2 food_id('banana')

# Wed, 02 Nov 2016 12:53:27
# b3 food_id('potato')

# Wed, 02 Nov 2016 12:54:23
# b4 food_id('notstarchyorafruit')

# Wed, 02 Nov 2016 13:04:26
%run "c:\users\g69fe~1.har\appdata\local\temp\tmpoaw11e.py"
# Wed, 02 Nov 2016 13:04:29
%run "c:\users\g69fe~1.har\appdata\local\temp\tmpx_nu5z.py"# Wed, 02 Nov 2016 13:05:01
%run "c:\users\g69fe~1.har\appdata\local\temp\tmpsv0r8j.py"# Wed, 02 Nov 2016 13:05:14
food_id('orange')
#[Out]# 'Citrus, fruit'
# Wed, 02 Nov 2016 13:06:50
%run "c:\users\g69fe~1.har\appdata\local\temp\tmpfr5jyw.py"# Wed, 02 Nov 2016 13:07:00
food_id('potato')
#[Out]# 'Startchy, NOT a fruit'
# Wed, 02 Nov 2016 13:10:02
%run "c:\users\g69fe~1.har\appdata\local\temp\tmpubptfz.py"# Wed, 02 Nov 2016 13:10:09
%run "c:\users\g69fe~1.har\appdata\local\temp\tmpmiqvdn.py"# Wed, 02 Nov 2016 13:10:13
food_id('potato')
#[Out]# 'Startchy, NOT a fruit'
# Wed, 02 Nov 2016 13:10:45
food_id_test()
%cd "C:\Users\G.Harrison\Documents\Python\1.3.4"
%cd "C:\Users\G.Harrison\Documents\Python\1.3.4"
# Thu, 03 Nov 2016 12:45:21
%run C:/Users/G.Harrison/Documents/Python/1.3.4/gabeharrison134.py# Thu, 03 Nov 2016 12:48:30
%run C:/Users/G.Harrison/Documents/Python/1.3.4/gabeharrison134.py# Thu, 03 Nov 2016 12:48:56
%run C:/Users/G.Harrison/Documents/Python/1.3.4/gabeharrison134.py# Thu, 03 Nov 2016 12:49:08
number(12)
# Thu, 03 Nov 2016 12:50:23
%run C:/Users/G.Harrison/Documents/Python/1.3.4/gabeharrison134.py# Thu, 03 Nov 2016 12:50:26
number(12)
# Thu, 03 Nov 2016 12:50:30
f(12)
# Thu, 03 Nov 2016 12:50:41
%run C:/Users/G.Harrison/Documents/Python/1.3.4/gabeharrison134.py# Thu, 03 Nov 2016 12:50:43
f(12)
# Thu, 03 Nov 2016 12:50:54
%run C:/Users/G.Harrison/Documents/Python/1.3.4/gabeharrison134.py# Thu, 03 Nov 2016 12:50:56
f(12)
# Thu, 03 Nov 2016 12:51:18
2.1
#[Out]# 2.1
# Thu, 03 Nov 2016 12:51:22
f(12.1)
# Thu, 03 Nov 2016 12:51:34
%run C:/Users/G.Harrison/Documents/Python/1.3.4/gabeharrison134.py# Thu, 03 Nov 2016 12:51:37
f(12.1)
# Thu, 03 Nov 2016 12:51:49
%run C:/Users/G.Harrison/Documents/Python/1.3.4/gabeharrison134.py# Thu, 03 Nov 2016 12:51:51
%run C:/Users/G.Harrison/Documents/Python/1.3.4/gabeharrison134.py
# Thu, 03 Nov 2016 12:51:53
f(12.1)
# Thu, 03 Nov 2016 12:52:19
%run C:/Users/G.Harrison/Documents/Python/1.3.4/gabeharrison134.py# Thu, 03 Nov 2016 12:52:20
f(12.1)
# Thu, 03 Nov 2016 12:52:29
f(12)
# Thu, 03 Nov 2016 12:52:51
%run C:/Users/G.Harrison/Documents/Python/1.3.4/gabeharrison134.py# Thu, 03 Nov 2016 12:52:55
f(12.1)
# Thu, 03 Nov 2016 12:52:58
f(12)
# Thu, 03 Nov 2016 12:57:27
%run C:/Users/G.Harrison/Documents/Python/1.3.4/gabeharrison134.py# Thu, 03 Nov 2016 12:57:31
f(12)
# Thu, 03 Nov 2016 12:57:41
%run C:/Users/G.Harrison/Documents/Python/1.3.4/gabeharrison134.py# Thu, 03 Nov 2016 12:57:44
f(12)
# Thu, 03 Nov 2016 12:58:18
%run C:/Users/G.Harrison/Documents/Python/1.3.4/gabeharrison134.py# Thu, 03 Nov 2016 12:58:20
f(12)
# Thu, 03 Nov 2016 12:58:28
f(11)
# Thu, 03 Nov 2016 12:59:21
%run C:/Users/G.Harrison/Documents/Python/1.3.4/gabeharrison134.py# Thu, 03 Nov 2016 12:59:23
f(11)
# Thu, 03 Nov 2016 12:59:50
%run C:/Users/G.Harrison/Documents/Python/1.3.4/gabeharrison134.py# Thu, 03 Nov 2016 12:59:54
f(11)
# Thu, 03 Nov 2016 13:01:29
a = raw_input('Give me a number between 5 and 6: ')
# Thu, 03 Nov 2016 13:01:45
a
#[Out]# u'5.5'
# Thu, 03 Nov 2016 13:02:03
type(a)
#[Out]# unicode
# Thu, 03 Nov 2016 13:02:39
int(a)
# Thu, 03 Nov 2016 13:02:48
float(a)
#[Out]# 5.5
# Thu, 03 Nov 2016 13:03:14
int(float(a))
#[Out]# 5
# Thu, 03 Nov 2016 13:03:24
b = 6
# Thu, 03 Nov 2016 13:03:30
a + b
# Thu, 03 Nov 2016 13:03:48
a + str(b)
#[Out]# u'5.56'
# Thu, 03 Nov 2016 13:03:59
float(a) + b
#[Out]# 11.5
# Thu, 03 Nov 2016 13:06:22
# The concatenation connects two pieces of text, while the numeric addition makes it so that it adds 2 numbers

# Thu, 03 Nov 2016 13:06:54
# Because it doesn't convert both numbers to the same system of numbers

# Thu, 03 Nov 2016 13:12:35
%run C:/Users/G.Harrison/Documents/Python/1.3.4/gabeharrison134.py# Thu, 03 Nov 2016 13:13:15
%run C:/Users/G.Harrison/Documents/Python/1.3.4/gabeharrison134.py# Thu, 03 Nov 2016 13:13:22
%run C:/Users/G.Harrison/Documents/Python/1.3.4/gabeharrison134.py# Thu, 03 Nov 2016 13:13:46
%run C:/Users/G.Harrison/Documents/Python/1.3.4/gabeharrison134.py# Thu, 03 Nov 2016 13:13:58
%run C:/Users/G.Harrison/Documents/Python/1.3.4/gabeharrison134.py# Thu, 03 Nov 2016 13:14:14
guess_once(2)
# Thu, 03 Nov 2016 13:14:30
guess_once()
# Thu, 03 Nov 2016 13:14:51
%run C:/Users/G.Harrison/Documents/Python/1.3.4/gabeharrison134.py# Thu, 03 Nov 2016 13:15:07
guess_once()
# Thu, 03 Nov 2016 13:15:34
%run C:/Users/G.Harrison/Documents/Python/1.3.4/gabeharrison134.py# Thu, 03 Nov 2016 13:15:40
guess_once()
# Thu, 03 Nov 2016 13:16:28
%run C:/Users/G.Harrison/Documents/Python/1.3.4/gabeharrison134.py# Thu, 03 Nov 2016 13:16:30
guess_once()
# Thu, 03 Nov 2016 13:17:27
%logstop
%cd "C:\Users\G.Harrison\Documents\Python\1.3.4"
%cd "C:\Users\G.Harrison\Documents\Python\1.3.4"
# Fri, 04 Nov 2016 12:34:28
# Line 11 works by putting in variables for words

# Fri, 04 Nov 2016 12:43:33
%run C:/Users/G.Harrison/Documents/Python/1.3.4/gabeharrison134.py# Fri, 04 Nov 2016 12:43:43
guess_once()
# Fri, 04 Nov 2016 12:43:58
%run C:/Users/G.Harrison/Documents/Python/1.3.4/gabeharrison134.py# Fri, 04 Nov 2016 12:44:03
guess_once()
# Fri, 04 Nov 2016 12:57:13
%run C:/Users/G.Harrison/Documents/Python/1.3.4/gabeharrison134.py# Fri, 04 Nov 2016 13:02:49
%run C:/Users/G.Harrison/Documents/Python/1.3.4/gabeharrison134.py# Fri, 04 Nov 2016 13:03:13
quiz_decimal(1,3)
# Fri, 04 Nov 2016 13:03:27
%run C:/Users/G.Harrison/Documents/Python/1.3.4/gabeharrison134.py# Fri, 04 Nov 2016 13:03:30
quiz_decimal(1,3)
# Fri, 04 Nov 2016 13:06:00
%run C:/Users/G.Harrison/Documents/Python/1.3.4/gabeharrison134.py# Fri, 04 Nov 2016 13:06:04
quiz_decimal(1,3)
# Fri, 04 Nov 2016 13:07:45
%run C:/Users/G.Harrison/Documents/Python/1.3.4/gabeharrison134.py# Fri, 04 Nov 2016 13:14:01
# If structures setup so that you use glass box testing

# Fri, 04 Nov 2016 13:14:57
# It's to make sure that anything that they type actually works, and it isn't something wrong with code

# Fri, 04 Nov 2016 13:15:07
%logstop
